# JRE version: Java(TM) SE Runtime Environment (19.0.2+7) (build 19.0.2+7-44)
# Java VM: Java HotSpot(TM) 64-Bit Server VM (19.0.2+7-44, mixed mode, sharing, tiered, compressed oops, compressed class ptrs, g1 gc, windows-amd64)
GC Precious Log:
 CardTable entry size: 512
 Card Set container configuration: InlinePtr #cards 5 size 8 Array Of Cards #cards 12 size 40 Howl #buckets 4 coarsen threshold 1843 Howl Bitmap #cards 512 size 80 coarsen threshold 460 Card regions per heap region 1 cards per card region 2048
 CPUs: 4 total, 4 available
 Memory: 3912M
 Large Page Support: Disabled
 NUMA Support: Disabled
 Compressed Oops: Enabled (32-bit)
 Heap Region Size: 1M
 Heap Min Capacity: 8M
 Heap Initial Capacity: 62M
 Heap Max Capacity: 980M
 Pre-touch: Disabled
 Parallel Workers: 4
 Concurrent Workers: 1
 Concurrent Refinement Workers: 4
 Periodic GC: Disabled
Heap:
 garbage-first heap   total 302080K, used 50000K [0x00000000c2c00000, 0x0000000100000000)
  region size 1024K, 1 young (1024K), 1 survivors (1024K)
 Metaspace       used 6362K, committed 6528K, reserved 1114112K
  class space    used 561K, committed 640K, reserved 1048576K
GC Heap History (20 events):
Event: 44.932 GC heap after
{Heap after GC invocations=64 (full 0):
 garbage-first heap   total 301056K, used 134146K [0x00000000c2c00000, 0x0000000100000000)
  region size 1024K, 1 young (1024K), 1 survivors (1024K)
 Metaspace       used 6359K, committed 6528K, reserved 1114112K
  class space    used 561K, committed 640K, reserved 1048576K
}
Event: 45.022 GC heap before
{Heap before GC invocations=65 (full 0):
 garbage-first heap   total 301056K, used 138242K [0x00000000c2c00000, 0x0000000100000000)
  region size 1024K, 4 young (4096K), 1 survivors (1024K)
 Metaspace       used 6359K, committed 6528K, reserved 1114112K
  class space    used 561K, committed 640K, reserved 1048576K
}
Event: 45.025 GC heap after
{Heap after GC invocations=66 (full 0):
 garbage-first heap   total 301056K, used 6124K [0x00000000c2c00000, 0x0000000100000000)
  region size 1024K, 1 young (1024K), 1 survivors (1024K)
 Metaspace       used 6359K, committed 6528K, reserved 1114112K
  class space    used 561K, committed 640K, reserved 1048576K
}
Event: 45.327 GC heap before
{Heap before GC invocations=67 (full 0):
 garbage-first heap   total 40960K, used 39916K [0x00000000c2c00000, 0x0000000100000000)
  region size 1024K, 17 young (17408K), 1 survivors (1024K)
 Metaspace       used 6359K, committed 6528K, reserved 1114112K
  class space    used 561K, committed 640K, reserved 1048576K
}
Event: 45.330 GC heap after
{Heap after GC invocations=68 (full 0):
 garbage-first heap   total 43008K, used 21495K [0x00000000c2c00000, 0x0000000100000000)
  region size 1024K, 1 young (1024K), 1 survivors (1024K)
 Metaspace       used 6359K, committed 6528K, reserved 1114112K
  class space    used 561K, committed 640K, reserved 1048576K
}
Event: 45.334 GC heap before
{Heap before GC invocations=68 (full 0):
 garbage-first heap   total 43008K, used 22519K [0x00000000c2c00000, 0x0000000100000000)
  region size 1024K, 2 young (2048K), 1 survivors (1024K)
 Metaspace       used 6359K, committed 6528K, reserved 1114112K
  class space    used 561K, committed 640K, reserved 1048576K
}
Event: 45.342 GC heap after
{Heap after GC invocations=69 (full 0):
 garbage-first heap   total 124928K, used 5883K [0x00000000c2c00000, 0x0000000100000000)
  region size 1024K, 1 young (1024K), 1 survivors (1024K)
 Metaspace       used 6359K, committed 6528K, reserved 1114112K
  class space    used 561K, committed 640K, reserved 1048576K
}
Event: 45.902 GC heap before
{Heap before GC invocations=69 (full 0):
 garbage-first heap   total 124928K, used 81659K [0x00000000c2c00000, 0x0000000100000000)
  region size 1024K, 28 young (28672K), 1 survivors (1024K)
 Metaspace       used 6360K, committed 6528K, reserved 1114112K
  class space    used 561K, committed 640K, reserved 1048576K
}
Event: 45.905 GC heap after
{Heap after GC invocations=70 (full 0):
 garbage-first heap   total 124928K, used 55089K [0x00000000c2c00000, 0x0000000100000000)
  region size 1024K, 1 young (1024K), 1 survivors (1024K)
 Metaspace       used 6360K, committed 6528K, reserved 1114112K
  class space    used 561K, committed 640K, reserved 1048576K
}
Event: 45.907 GC heap before
{Heap before GC invocations=70 (full 0):
 garbage-first heap   total 124928K, used 56113K [0x00000000c2c00000, 0x0000000100000000)
  region size 1024K, 2 young (2048K), 1 survivors (1024K)
 Metaspace       used 6360K, committed 6528K, reserved 1114112K
  class space    used 561K, committed 640K, reserved 1048576K
}
Event: 45.910 GC heap after
{Heap after GC invocations=71 (full 0):
 garbage-first heap   total 124928K, used 3893K [0x00000000c2c00000, 0x0000000100000000)
  region size 1024K, 1 young (1024K), 1 survivors (1024K)
 Metaspace       used 6360K, committed 6528K, reserved 1114112K
  class space    used 561K, committed 640K, reserved 1048576K
}
Event: 46.640 GC heap before
{Heap before GC invocations=71 (full 0):
 garbage-first heap   total 124928K, used 90933K [0x00000000c2c00000, 0x0000000100000000)
  region size 1024K, 36 young (36864K), 1 survivors (1024K)
 Metaspace       used 6360K, committed 6528K, reserved 1114112K
  class space    used 561K, committed 640K, reserved 1048576K
}
Event: 46.642 GC heap after
{Heap after GC invocations=72 (full 0):
 garbage-first heap   total 124928K, used 56134K [0x00000000c2c00000, 0x0000000100000000)
  region size 1024K, 1 young (1024K), 1 survivors (1024K)
 Metaspace       used 6360K, committed 6528K, reserved 1114112K
  class space    used 561K, committed 640K, reserved 1048576K
}
Event: 46.713 GC heap before
{Heap before GC invocations=73 (full 0):
 garbage-first heap   total 124928K, used 65350K [0x00000000c2c00000, 0x0000000100000000)
  region size 1024K, 5 young (5120K), 1 survivors (1024K)
 Metaspace       used 6360K, committed 6528K, reserved 1114112K
  class space    used 561K, committed 640K, reserved 1048576K
}
Event: 46.716 GC heap after
{Heap after GC invocations=74 (full 0):
 garbage-first heap   total 124928K, used 9021K [0x00000000c2c00000, 0x0000000100000000)
  region size 1024K, 1 young (1024K), 1 survivors (1024K)
 Metaspace       used 6360K, committed 6528K, reserved 1114112K
  class space    used 561K, committed 640K, reserved 1048576K
}
Event: 47.422 GC heap before
{Heap before GC invocations=74 (full 0):
 garbage-first heap   total 124928K, used 87869K [0x00000000c2c00000, 0x0000000100000000)
  region size 1024K, 33 young (33792K), 1 survivors (1024K)
 Metaspace       used 6362K, committed 6528K, reserved 1114112K
  class space    used 561K, committed 640K, reserved 1048576K
}
Event: 47.424 GC heap after
{Heap after GC invocations=75 (full 0):
 garbage-first heap   total 124928K, used 51019K [0x00000000c2c00000, 0x0000000100000000)
  region size 1024K, 1 young (1024K), 1 survivors (1024K)
 Metaspace       used 6362K, committed 6528K, reserved 1114112K
  class space    used 561K, committed 640K, reserved 1048576K
}
Event: 47.498 GC heap before
{Heap before GC invocations=76 (full 0):
 garbage-first heap   total 124928K, used 58187K [0x00000000c2c00000, 0x0000000100000000)
  region size 1024K, 4 young (4096K), 1 survivors (1024K)
 Metaspace       used 6362K, committed 6528K, reserved 1114112K
  class space    used 561K, committed 640K, reserved 1048576K
}
Event: 47.501 GC heap after
{Heap after GC invocations=77 (full 0):
 garbage-first heap   total 124928K, used 9028K [0x00000000c2c00000, 0x0000000100000000)
  region size 1024K, 1 young (1024K), 1 survivors (1024K)
 Metaspace       used 6362K, committed 6528K, reserved 1114112K
  class space    used 561K, committed 640K, reserved 1048576K
}
Event: 48.148 GC heap before
{Heap before GC invocations=77 (full 0):
 garbage-first heap   total 124928K, used 87876K [0x00000000c2c00000, 0x0000000100000000)
  region size 1024K, 33 young (33792K), 1 survivors (1024K)
 Metaspace       used 6362K, committed 6528K, reserved 1114112K
  class space    used 561K, committed 640K, reserved 1048576K
}

